analysis starting 
Error of 634_5hg8
Error of 357_2ban
Error of 2EJ_4mw9
Error of 11B_2pj5
Error of 1LC_4jg7
Error of 3CF_3oqz
Error of 5NX_5ehc
Error of 3HP_5izz
Error of 3HP_5rtg
Error of 28A_4mk5
Error of 5XO_5fhn
Error of 4N5_4xz0
Error of 5XN_5fho
Error of 463_6sas
Error of 463_4y3g
Error of 463_5n3f
Error of 4KV_4z41
Error of 4KV_4z3m
Error of 4E7_4ymb
Error of 23U_5mjt
Error of 2UL_4oqh
Error of 2UL_4opz
Error of 2UL_4oq0
Error of 2UL_4oqg
Error of 45L_4y36
Error of 5XP_5fhm
Error of 11R_2cg1
Error of 3AB_6yiu
Error of 3AB_5n3q
Error of 3XH_5rtb
Error of 4V4_4uh7
Error of 4V4_4ugz
Error of 4V4_4ugh
Error of 3CG_4u5t
Error of 665_4trj
Error of 604_5hex
Error of 22U_5mls
Error of 47S_4y50
Error of 47S_6rmp
Error of 263_2rbq
Error of 263_2rb2
Error of 41T_4xm8
Error of 623_1qb6
Error of 3BZ_5rth
Error of 3NT_2bmr
Error of 3NT_2hmo
Error of 35A_2ph8
Error of 5F5_5dtt
Error of 51U_2zf0
Error of 51W_5ci7
Error of 6CV_5ir1
Error of 3EB_4bps
Error of 6SU_5qdr
Error of 3TO_3kn0
Error of 606_2piz
Error of 4GZ_4yqd
Error of 1RG_4qu3
Error of 1RG_6skr
Error of 1RG_7kgm
Error of 1RG_3zgp
Error of 4EK_4yne
Error of 2HT_3f88
Error of 1SI_7f8h
Error of 5H4_4ugx
Error of 5H4_4kco
Error of 5H4_4kcs
Error of 0N3_4e3i
Error of 5AG_5dhs
Error of 2U8_4oo9
Error of 3HB_4pai
Error of 3HB_5i7i
Error of 43L_4xt2
Error of 56Y_5d3t
