test begin
construct error of 2RK_4o7c: no match 6-5 rings
construct error of 5N0_7ril: Bad Conformer Id
construct error of 5N0_7rim: Bad Conformer Id
construct error of 5N0_7rip: Bad Conformer Id
construct error of 5N0_7rix: Bad Conformer Id
PDBload error of JY_1j7e: list index out of range
construct error of JY_1j7e: local variable 'lig_Block' referenced before assignment
construct error of NKD_6oz6: Bad Conformer Id
PDBload error of O2E_6xv5: [Errno 2] No such file or directory: '/home/chengyj/kinase_work/dataset/Bridged_ring/PDB_rings/PHE2BCH_pairs/pdb_dataset/pdb/pdb6xv5.ent'
construct error of O2E_6xv5: local variable 'lig_Block' referenced before assignment
PDBload error of RFQ_4d3u: No matching found
construct error of RFQ_4d3u: local variable 'lig_Block' referenced before assignment
PDBload error of RFQ_4d3t: No matching found
construct error of RFQ_4d3t: local variable 'lig_Block' referenced before assignment
PDBload error of RFQ_4d3v: No matching found
construct error of RFQ_4d3v: local variable 'lig_Block' referenced before assignment
PDBload error of T4H_7b9w: [Errno 2] No such file or directory: '/home/chengyj/kinase_work/dataset/Bridged_ring/PDB_rings/PHE2BCH_pairs/pdb_dataset/pdb/pdb7b9w.ent'
construct error of T4H_7b9w: local variable 'lig_Block' referenced before assignment
PDBload error of TPV_1d4s: No matching found
construct error of TPV_1d4s: local variable 'lig_Block' referenced before assignment
PDBload error of TVM_5nfa: Bad Conformer Id
construct error of TVM_5nfa: local variable 'lig_Block' referenced before assignment
PDBload error of U6H_7nb3: [Errno 2] No such file or directory: '/home/chengyj/kinase_work/dataset/Bridged_ring/PDB_rings/PHE2BCH_pairs/pdb_dataset/pdb/pdb7nb3.ent'
construct error of U6H_7nb3: local variable 'lig_Block' referenced before assignment
PDBload error of V9D_7jgn: [Errno 2] No such file or directory: '/home/chengyj/kinase_work/dataset/Bridged_ring/PDB_rings/PHE2BCH_pairs/pdb_dataset/pdb/pdb7jgn.ent'
construct error of V9D_7jgn: local variable 'lig_Block' referenced before assignment
PDBload error of V9D_7jgm: [Errno 2] No such file or directory: '/home/chengyj/kinase_work/dataset/Bridged_ring/PDB_rings/PHE2BCH_pairs/pdb_dataset/pdb/pdb7jgm.ent'
construct error of V9D_7jgm: local variable 'lig_Block' referenced before assignment
